<?xml version="1.0" encoding="UTF-8"?>
<testng-results ignored="0" total="0" passed="0" failed="0" skipped="0">
  <reporter-output>
  </reporter-output>
  <suite started-at="2022-05-17T05:34:48 EET" name="base.DependencyTest" finished-at="2022-05-17T05:34:48 EET" duration-ms="7">
    <groups>
    </groups>
    <test started-at="2022-05-17T05:34:48 EET" name="Command line test" finished-at="2022-05-17T05:34:48 EET" duration-ms="7">
    </test> <!-- Command line test -->
  </suite> <!-- base.DependencyTest -->
</testng-results>
